<?xml version="1.0" encoding="utf-8"?><testsuites name="pytest tests"><testsuite name="pytest" errors="0" failures="0" skipped="0" tests="43" time="0.390" timestamp="2026-04-02T18:43:20.449727+00:00" hostname="e2b.local"><testcase classname="tests.test_portfolio.TestOptimizerConstruction" name="test_attributes" time="0.013" /><testcase classname="tests.test_portfolio.TestOptimizerConstruction" name="test_cov_matrix_positive_semidefinite" time="0.003" /><testcase classname="tests.test_portfolio.TestOptimizerConstruction" name="test_semi_cov_shape" time="0.003" /><testcase classname="tests.test_portfolio.TestOptimizerConstruction" name="test_cvar_matrix_shape" time="0.003" /><testcase classname="tests.test_portfolio.TestWeightInvariants" name="test_weights_sum_to_one[maximum_sharpe]" time="0.012" /><testcase classname="tests.test_portfolio.TestWeightInvariants" name="test_weights_sum_to_one[minimum_variance]" time="0.008" /><testcase classname="tests.test_portfolio.TestWeightInvariants" name="test_weights_sum_to_one[risk_parity]" time="0.016" /><testcase classname="tests.test_portfolio.TestWeightInvariants" name="test_weights_sum_to_one[minimum_cvar]" time="0.012" /><testcase classname="tests.test_portfolio.TestWeightInvariants" name="test_weights_sum_to_one[maximum_diversification]" time="0.014" /><testcase classname="tests.test_portfolio.TestWeightInvariants" name="test_weights_sum_to_one[kelly_criterion]" time="0.004" /><testcase classname="tests.test_portfolio.TestWeightInvariants" name="test_weights_sum_to_one[black_litterman]" time="0.004" /><testcase classname="tests.test_portfolio.TestWeightInvariants" name="test_weights_sum_to_one[hierarchical_risk_parity]" time="0.008" /><testcase classname="tests.test_portfolio.TestWeightInvariants" name="test_weights_sum_to_one[equal_weight]" time="0.003" /><testcase classname="tests.test_portfolio.TestWeightInvariants" name="test_weights_non_negative[maximum_sharpe]" time="0.010" /><testcase classname="tests.test_portfolio.TestWeightInvariants" name="test_weights_non_negative[minimum_variance]" time="0.008" /><testcase classname="tests.test_portfolio.TestWeightInvariants" name="test_weights_non_negative[risk_parity]" time="0.014" /><testcase classname="tests.test_portfolio.TestWeightInvariants" name="test_weights_non_negative[minimum_cvar]" time="0.011" /><testcase classname="tests.test_portfolio.TestWeightInvariants" name="test_weights_non_negative[maximum_diversification]" time="0.013" /><testcase classname="tests.test_portfolio.TestWeightInvariants" name="test_weights_non_negative[kelly_criterion]" time="0.003" /><testcase classname="tests.test_portfolio.TestWeightInvariants" name="test_weights_non_negative[black_litterman]" time="0.003" /><testcase classname="tests.test_portfolio.TestWeightInvariants" name="test_weights_non_negative[hierarchical_risk_parity]" time="0.007" /><testcase classname="tests.test_portfolio.TestWeightInvariants" name="test_weights_non_negative[equal_weight]" time="0.003" /><testcase classname="tests.test_portfolio.TestWeightInvariants" name="test_weights_length[maximum_sharpe]" time="0.010" /><testcase classname="tests.test_portfolio.TestWeightInvariants" name="test_weights_length[minimum_variance]" time="0.008" /><testcase classname="tests.test_portfolio.TestWeightInvariants" name="test_weights_length[risk_parity]" time="0.014" /><testcase classname="tests.test_portfolio.TestWeightInvariants" name="test_weights_length[minimum_cvar]" time="0.011" /><testcase classname="tests.test_portfolio.TestWeightInvariants" name="test_weights_length[maximum_diversification]" time="0.013" /><testcase classname="tests.test_portfolio.TestWeightInvariants" name="test_weights_length[kelly_criterion]" time="0.003" /><testcase classname="tests.test_portfolio.TestWeightInvariants" name="test_weights_length[black_litterman]" time="0.003" /><testcase classname="tests.test_portfolio.TestWeightInvariants" name="test_weights_length[hierarchical_risk_parity]" time="0.007" /><testcase classname="tests.test_portfolio.TestWeightInvariants" name="test_weights_length[equal_weight]" time="0.003" /><testcase classname="tests.test_portfolio.TestMaxSharpe" name="test_sharpe_exceeds_min_var" time="0.017" /><testcase classname="tests.test_portfolio.TestMinVariance" name="test_vol_le_equal_weight" time="0.010" /><testcase classname="tests.test_portfolio.TestEqualWeight" name="test_equal_weight_is_uniform" time="0.003" /><testcase classname="tests.test_portfolio.TestRiskParity" name="test_risk_contributions_equal" time="0.014" /><testcase classname="tests.test_portfolio.TestHRP" name="test_hrp_non_trivial" time="0.007" /><testcase classname="tests.test_portfolio.TestBubbleAwareness" name="test_bubble_reduces_weight" time="0.019" /><testcase classname="tests.test_portfolio.TestPortfolioMetrics" name="test_metrics_keys" time="0.004" /><testcase classname="tests.test_portfolio.TestPortfolioMetrics" name="test_volatility_positive" time="0.004" /><testcase classname="tests.test_portfolio.TestPortfolioMetrics" name="test_sharpe_includes_rf" time="0.004" /><testcase classname="tests.test_portfolio.TestPortfolioMetrics" name="test_max_drawdown_non_positive" time="0.004" /><testcase classname="tests.test_portfolio.TestRiskMatrices" name="test_semi_cov_uses_downside_rows" time="0.004" /><testcase classname="tests.test_portfolio.TestRiskMatrices" name="test_cvar_matrix_portfolio_level_tail" time="0.005" /></testsuite></testsuites>