<?xml version="1.0" encoding="utf-8"?><testsuites name="pytest tests"><testsuite name="pytest" errors="0" failures="0" skipped="0" tests="95" time="57.143" timestamp="2026-04-02T19:40:24.241178+00:00" hostname="e2b.local"><testcase classname="tests.frontend.test_frontend.TestAppInitialisation" name="test_app_loads_without_exception" time="2.753" /><testcase classname="tests.frontend.test_frontend.TestAppInitialisation" name="test_session_state_theme_defaults_to_light" time="0.368" /><testcase classname="tests.frontend.test_frontend.TestAppInitialisation" name="test_session_state_analysis_complete_false" time="0.368" /><testcase classname="tests.frontend.test_frontend.TestAppInitialisation" name="test_session_state_debug_mode_false" time="0.354" /><testcase classname="tests.frontend.test_frontend.TestAppInitialisation" name="test_session_state_last_updated_initialising" time="0.377" /><testcase classname="tests.frontend.test_frontend.TestAppInitialisation" name="test_session_state_data_is_none" time="0.354" /><testcase classname="tests.frontend.test_frontend.TestAppInitialisation" name="test_no_errors_on_fresh_load" time="0.359" /><testcase classname="tests.frontend.test_frontend.TestAppInitialisation" name="test_run_analysis_button_present" time="0.346" /><testcase classname="tests.frontend.test_frontend.TestAppInitialisation" name="test_run_analysis_button_not_yet_clicked" time="0.349" /><testcase classname="tests.frontend.test_frontend.TestDarkModeToggle" name="test_dark_mode_toggle_exists" time="0.346" /><testcase classname="tests.frontend.test_frontend.TestDarkModeToggle" name="test_dark_mode_defaults_to_off" time="0.354" /><testcase classname="tests.frontend.test_frontend.TestDarkModeToggle" name="test_toggle_dark_mode_on_sets_theme" time="0.715" /><testcase classname="tests.frontend.test_frontend.TestDarkModeToggle" name="test_toggle_dark_mode_off_resets_theme" time="1.244" /><testcase classname="tests.frontend.test_frontend.TestDarkModeToggle" name="test_dark_mode_no_exception" time="0.756" /><testcase classname="tests.frontend.test_frontend.TestAssetClassSelector" name="test_asset_class_selector_exists" time="0.354" /><testcase classname="tests.frontend.test_frontend.TestAssetClassSelector" name="test_default_asset_class_is_stocks" time="0.365" /><testcase classname="tests.frontend.test_frontend.TestAssetClassSelector" name="test_asset_class_options_present" time="0.404" /><testcase classname="tests.frontend.test_frontend.TestAssetClassSelector" name="test_select_forex_class" time="0.760" /><testcase classname="tests.frontend.test_frontend.TestAssetClassSelector" name="test_select_crypto_class" time="0.833" /><testcase classname="tests.frontend.test_frontend.TestAssetClassSelector" name="test_select_commodities_class" time="0.801" /><testcase classname="tests.frontend.test_frontend.TestQuickPresets" name="test_preset_selectbox_exists" time="0.380" /><testcase classname="tests.frontend.test_frontend.TestQuickPresets" name="test_default_preset_is_none" time="0.410" /><testcase classname="tests.frontend.test_frontend.TestQuickPresets" name="test_preset_options_include_tech_giants" time="0.410" /><testcase classname="tests.frontend.test_frontend.TestQuickPresets" name="test_preset_options_include_crypto" time="0.438" /><testcase classname="tests.frontend.test_frontend.TestQuickPresets" name="test_preset_options_include_forex" time="0.441" /><testcase classname="tests.frontend.test_frontend.TestQuickPresets" name="test_selecting_tech_giants_updates_tickers" time="0.834" /><testcase classname="tests.frontend.test_frontend.TestQuickPresets" name="test_selecting_crypto_preset_updates_tickers" time="0.777" /><testcase classname="tests.frontend.test_frontend.TestQuickPresets" name="test_selecting_forex_preset_updates_tickers" time="0.965" /><testcase classname="tests.frontend.test_frontend.TestQuickPresets" name="test_selecting_precious_metals_preset" time="0.766" /><testcase classname="tests.frontend.test_frontend.TestQuickPresets" name="test_at_least_22_preset_options" time="0.375" /><testcase classname="tests.frontend.test_frontend.TestTickerInput" name="test_ticker_area_exists" time="0.397" /><testcase classname="tests.frontend.test_frontend.TestTickerInput" name="test_ticker_area_label" time="0.384" /><testcase classname="tests.frontend.test_frontend.TestTickerInput" name="test_default_tickers_non_empty" time="0.389" /><testcase classname="tests.frontend.test_frontend.TestTickerInput" name="test_set_tickers_space_separated" time="0.745" /><testcase classname="tests.frontend.test_frontend.TestTickerInput" name="test_set_tickers_comma_separated" time="0.764" /><testcase classname="tests.frontend.test_frontend.TestTickerInput" name="test_set_forex_tickers" time="0.802" /><testcase classname="tests.frontend.test_frontend.TestTickerInput" name="test_set_commodity_tickers" time="0.766" /><testcase classname="tests.frontend.test_frontend.TestTickerInput" name="test_empty_tickers_no_crash" time="0.743" /><testcase classname="tests.frontend.test_frontend.TestTickerInput" name="test_whitespace_only_no_crash" time="0.755" /><testcase classname="tests.frontend.test_frontend.TestAdvancedSettingsMonteCarlo" name="test_mc_simulations_slider_exists" time="0.362" /><testcase classname="tests.frontend.test_frontend.TestAdvancedSettingsMonteCarlo" name="test_mc_simulations_default_500" time="0.528" /><testcase classname="tests.frontend.test_frontend.TestAdvancedSettingsMonteCarlo" name="test_mc_simulations_min_100_max_2000" time="0.364" /><testcase classname="tests.frontend.test_frontend.TestAdvancedSettingsMonteCarlo" name="test_set_mc_simulations_1000" time="0.721" /><testcase classname="tests.frontend.test_frontend.TestAdvancedSettingsMonteCarlo" name="test_forecast_days_slider_exists" time="0.378" /><testcase classname="tests.frontend.test_frontend.TestAdvancedSettingsMonteCarlo" name="test_forecast_days_default_90" time="0.359" /><testcase classname="tests.frontend.test_frontend.TestAdvancedSettingsMonteCarlo" name="test_simulation_method_selectbox" time="0.357" /><testcase classname="tests.frontend.test_frontend.TestAdvancedSettingsMonteCarlo" name="test_switch_to_gbm_simulation" time="0.717" /><testcase classname="tests.frontend.test_frontend.TestAdvancedSettingsPortfolio" name="test_bubble_aware_checkbox_exists" time="0.365" /><testcase classname="tests.frontend.test_frontend.TestAdvancedSettingsPortfolio" name="test_bubble_aware_defaults_true" time="0.361" /><testcase classname="tests.frontend.test_frontend.TestAdvancedSettingsPortfolio" name="test_disable_bubble_aware" time="0.718" /><testcase classname="tests.frontend.test_frontend.TestAdvancedSettingsPortfolio" name="test_bubble_penalty_slider_exists" time="0.367" /><testcase classname="tests.frontend.test_frontend.TestAdvancedSettingsPortfolio" name="test_bubble_penalty_default_0_5" time="0.352" /><testcase classname="tests.frontend.test_frontend.TestAdvancedSettingsPortfolio" name="test_benchmark_selectbox_exists" time="0.367" /><testcase classname="tests.frontend.test_frontend.TestAdvancedSettingsPortfolio" name="test_benchmark_options" time="0.353" /><testcase classname="tests.frontend.test_frontend.TestAdvancedSettingsPortfolio" name="test_rebalancing_selectbox_exists" time="0.374" /><testcase classname="tests.frontend.test_frontend.TestAdvancedSettingsPortfolio" name="test_rebalancing_default_buy_hold" time="0.368" /><testcase classname="tests.frontend.test_frontend.TestAdvancedSettingsPortfolio" name="test_rebalancing_options" time="0.395" /><testcase classname="tests.frontend.test_frontend.TestAdvancedSettingsPortfolio" name="test_custom_rf_checkbox" time="0.539" /><testcase classname="tests.frontend.test_frontend.TestAdvancedSettingsPortfolio" name="test_enable_custom_rf" time="0.742" /><testcase classname="tests.frontend.test_frontend.TestAdvancedSettingsML" name="test_ml_training_period_slider_exists" time="0.361" /><testcase classname="tests.frontend.test_frontend.TestAdvancedSettingsML" name="test_ml_training_period_default_3" time="0.373" /><testcase classname="tests.frontend.test_frontend.TestAdvancedSettingsML" name="test_ml_training_period_range" time="0.366" /><testcase classname="tests.frontend.test_frontend.TestAdvancedSettingsML" name="test_clustering_method_selectbox" time="0.377" /><testcase classname="tests.frontend.test_frontend.TestAdvancedSettingsML" name="test_switch_clustering_to_gmm" time="0.719" /><testcase classname="tests.frontend.test_frontend.TestAdvancedSettingsML" name="test_anomaly_sensitivity_slider" time="0.375" /><testcase classname="tests.frontend.test_frontend.TestAdvancedSettingsDisplay" name="test_chart_height_slider_exists" time="0.386" /><testcase classname="tests.frontend.test_frontend.TestAdvancedSettingsDisplay" name="test_chart_height_default_500" time="0.370" /><testcase classname="tests.frontend.test_frontend.TestAdvancedSettingsDisplay" name="test_chart_height_range" time="0.377" /><testcase classname="tests.frontend.test_frontend.TestAdvancedSettingsDisplay" name="test_export_sections_multiselect_exists" time="0.374" /><testcase classname="tests.frontend.test_frontend.TestAdvancedSettingsDisplay" name="test_export_sections_has_defaults" time="0.369" /><testcase classname="tests.frontend.test_frontend.TestAdvancedSettingsDisplay" name="test_export_sections_all_options_available" time="0.381" /><testcase classname="tests.frontend.test_frontend.TestAdvancedSettingsDisplay" name="test_auto_refresh_toggle_exists" time="0.387" /><testcase classname="tests.frontend.test_frontend.TestAdvancedSettingsDisplay" name="test_auto_refresh_defaults_off" time="0.418" /><testcase classname="tests.frontend.test_frontend.TestAdvancedSettingsDisplay" name="test_enable_auto_refresh" time="0.767" /><testcase classname="tests.frontend.test_frontend.TestDebugMode" name="test_debug_checkbox_exists" time="0.377" /><testcase classname="tests.frontend.test_frontend.TestDebugMode" name="test_debug_mode_defaults_off" time="0.559" /><testcase classname="tests.frontend.test_frontend.TestDebugMode" name="test_enable_debug_mode" time="0.750" /><testcase classname="tests.frontend.test_frontend.TestDebugMode" name="test_disable_debug_mode_via_new_session" time="0.359" /><testcase classname="tests.frontend.test_frontend.TestRunAnalysis" name="test_analysis_not_complete_before_click" time="0.372" /><testcase classname="tests.frontend.test_frontend.TestRunAnalysis" name="test_analysis_button_present_and_clickable" time="0.384" /><testcase classname="tests.frontend.test_frontend.TestRunAnalysis" name="test_data_is_none_before_analysis" time="0.380" /><testcase classname="tests.frontend.test_frontend.TestRunAnalysis" name="test_run_empty_tickers_shows_error_and_stays_incomplete" time="1.141" /><testcase classname="tests.frontend.test_frontend.TestRunAnalysis" name="test_simulation_method_default_behavioral_agent" time="0.374" /><testcase classname="tests.frontend.test_frontend.TestRunAnalysis" name="test_simulation_method_switch_to_gbm" time="0.769" /><testcase classname="tests.frontend.test_frontend.TestRunAnalysis" name="test_clustering_method_persists_across_runs" time="0.747" /><testcase classname="tests.frontend.test_frontend.TestRunAnalysis" name="test_mc_sims_persists_after_preset_change" time="1.124" /><testcase classname="tests.frontend.test_frontend.TestErrorHandling" name="test_empty_tickers_shows_error" time="1.108" /><testcase classname="tests.frontend.test_frontend.TestErrorHandling" name="test_whitespace_only_tickers_shows_error" time="1.312" /><testcase classname="tests.frontend.test_frontend.TestErrorHandling" name="test_error_does_not_persist_after_ticker_fix" time="1.525" /><testcase classname="tests.frontend.test_frontend.TestErrorHandling" name="test_analysis_complete_false_on_fresh_load" time="0.370" /><testcase classname="tests.frontend.test_frontend.TestErrorHandling" name="test_no_error_on_fresh_load" time="0.406" /><testcase classname="tests.frontend.test_frontend.TestCompositeFlows" name="test_preset_then_dark_mode" time="1.151" /><testcase classname="tests.frontend.test_frontend.TestCompositeFlows" name="test_change_multiple_advanced_settings" time="1.571" /><testcase classname="tests.frontend.test_frontend.TestCompositeFlows" name="test_forex_preset_with_benchmark_change" time="1.203" /><testcase classname="tests.frontend.test_frontend.TestCompositeFlows" name="test_debug_mode_with_dark_mode" time="1.151" /></testsuite></testsuites>