<?xml version="1.0" encoding="utf-8"?><testsuites name="pytest tests"><testsuite name="pytest" errors="0" failures="0" skipped="0" tests="16" time="0.927" timestamp="2026-04-02T18:43:39.103151+00:00" hostname="e2b.local"><testcase classname="tests.test_integration.TestReturnsPipeline" name="test_returns_computed_correctly" time="0.012" /><testcase classname="tests.test_integration.TestReturnsPipeline" name="test_metrics_all_tickers" time="0.005" /><testcase classname="tests.test_integration.TestReturnsPipeline" name="test_sharpe_formula" time="0.006" /><testcase classname="tests.test_integration.TestPortfolioPipeline" name="test_full_optimization_roundtrip" time="0.050" /><testcase classname="tests.test_integration.TestPortfolioPipeline" name="test_portfolio_metrics_from_optimized_weights" time="0.011" /><testcase classname="tests.test_integration.TestPortfolioPipeline" name="test_bubble_aware_reduces_overvalued_weight" time="0.019" /><testcase classname="tests.test_integration.TestBubblePipeline" name="test_pipeline_for_all_tickers" time="0.012" /><testcase classname="tests.test_integration.TestTechAndFeaturesPipeline" name="test_indicators_for_all_tickers" time="0.021" /><testcase classname="tests.test_integration.TestTechAndFeaturesPipeline" name="test_compute_asset_features_pipeline" time="0.004" /><testcase classname="tests.test_integration.TestMLPipeline" name="test_ml_all_models_predict" time="0.252" /><testcase classname="tests.test_integration.TestMLPipeline" name="test_last_features_can_predict" time="0.256" /><testcase classname="tests.test_integration.TestMLPipeline" name="test_predictions_actuals_length_match" time="0.252" /><testcase classname="tests.test_integration.TestOptionsPipeline" name="test_bs_to_greeks_to_payoff" time="0.001" /><testcase classname="tests.test_integration.TestOptionsPipeline" name="test_put_call_parity_pipeline" time="0.001" /><testcase classname="tests.test_integration.TestNarrativePipeline" name="test_bearish_sentiment_with_high_risk" time="0.001" /><testcase classname="tests.test_integration.TestNarrativePipeline" name="test_bullish_sentiment_low_risk_scenario" time="0.001" /></testsuite></testsuites>