<?xml version="1.0" encoding="utf-8"?><testsuites name="pytest tests"><testsuite name="pytest" errors="0" failures="0" skipped="0" tests="36" time="0.050" timestamp="2026-04-02T19:39:06.630807+00:00" hostname="e2b.local"><testcase classname="tests.unit.test_risk_and_errors.TestCompositeRiskScore" name="test_score_in_range" time="0.002" /><testcase classname="tests.unit.test_risk_and_errors.TestCompositeRiskScore" name="test_low_vix_low_score" time="0.001" /><testcase classname="tests.unit.test_risk_and_errors.TestCompositeRiskScore" name="test_high_vix_raises_score" time="0.001" /><testcase classname="tests.unit.test_risk_and_errors.TestCompositeRiskScore" name="test_inverted_yield_curve_raises_score" time="0.001" /><testcase classname="tests.unit.test_risk_and_errors.TestCompositeRiskScore" name="test_gold_rally_raises_score" time="0.001" /><testcase classname="tests.unit.test_risk_and_errors.TestCompositeRiskScore" name="test_empty_risk_data_returns_zero" time="0.000" /><testcase classname="tests.unit.test_risk_and_errors.TestCompositeRiskScore" name="test_score_never_exceeds_100" time="0.001" /><testcase classname="tests.unit.test_risk_and_errors.TestExceptionHierarchy" name="test_data_fetch_is_quantlab_error" time="0.000" /><testcase classname="tests.unit.test_risk_and_errors.TestExceptionHierarchy" name="test_validation_is_quantlab_error" time="0.000" /><testcase classname="tests.unit.test_risk_and_errors.TestExceptionHierarchy" name="test_calculation_is_quantlab_error" time="0.000" /><testcase classname="tests.unit.test_risk_and_errors.TestExceptionHierarchy" name="test_export_is_quantlab_error" time="0.000" /><testcase classname="tests.unit.test_risk_and_errors.TestExceptionHierarchy" name="test_fields_preserved" time="0.000" /><testcase classname="tests.unit.test_risk_and_errors.TestExceptionHierarchy" name="test_user_message_defaults_to_message" time="0.000" /><testcase classname="tests.unit.test_risk_and_errors.TestExceptionHierarchy" name="test_str_representation" time="0.000" /><testcase classname="tests.unit.test_risk_and_errors.TestHandleErrorDecorator" name="test_returns_value_on_success" time="0.000" /><testcase classname="tests.unit.test_risk_and_errors.TestHandleErrorDecorator" name="test_returns_none_on_data_fetch_error" time="0.000" /><testcase classname="tests.unit.test_risk_and_errors.TestHandleErrorDecorator" name="test_returns_none_on_calculation_error" time="0.000" /><testcase classname="tests.unit.test_risk_and_errors.TestHandleErrorDecorator" name="test_returns_none_on_generic_exception" time="0.002" /><testcase classname="tests.unit.test_risk_and_errors.TestHandleErrorDecorator" name="test_preserves_function_name" time="0.000" /><testcase classname="tests.unit.test_risk_and_errors.TestHandleErrorDecorator" name="test_passes_args_through" time="0.000" /><testcase classname="tests.unit.test_risk_and_errors.TestTickerParser" name="test_space_separated" time="0.000" /><testcase classname="tests.unit.test_risk_and_errors.TestTickerParser" name="test_comma_separated" time="0.000" /><testcase classname="tests.unit.test_risk_and_errors.TestTickerParser" name="test_comma_space_mixed" time="0.000" /><testcase classname="tests.unit.test_risk_and_errors.TestTickerParser" name="test_semicolon_separated" time="0.000" /><testcase classname="tests.unit.test_risk_and_errors.TestTickerParser" name="test_forex_ticker" time="0.000" /><testcase classname="tests.unit.test_risk_and_errors.TestTickerParser" name="test_crypto_ticker" time="0.000" /><testcase classname="tests.unit.test_risk_and_errors.TestTickerParser" name="test_commodity_ticker" time="0.000" /><testcase classname="tests.unit.test_risk_and_errors.TestTickerParser" name="test_index_ticker" time="0.000" /><testcase classname="tests.unit.test_risk_and_errors.TestTickerParser" name="test_strips_special_chars" time="0.000" /><testcase classname="tests.unit.test_risk_and_errors.TestTickerParser" name="test_empty_input" time="0.000" /><testcase classname="tests.unit.test_risk_and_errors.TestTickerParser" name="test_uppercase_normalisation" time="0.000" /><testcase classname="tests.unit.test_risk_and_errors.TestTickerParser" name="test_duplicate_tickers_preserved" time="0.000" /><testcase classname="tests.unit.test_risk_and_errors.TestFetchMarketDataErrors" name="test_empty_tickers_raises" time="0.000" /><testcase classname="tests.unit.test_risk_and_errors.TestFetchMarketDataErrors" name="test_network_error_raises_data_fetch_error" time="0.000" /><testcase classname="tests.unit.test_risk_and_errors.TestFetchMarketDataErrors" name="test_rate_limit_raises_data_fetch_error" time="0.000" /><testcase classname="tests.unit.test_risk_and_errors.TestFetchMarketDataErrors" name="test_empty_response_raises_data_fetch_error" time="0.001" /></testsuite></testsuites>