<?xml version="1.0" encoding="utf-8"?><testsuites name="pytest tests"><testsuite name="pytest" errors="0" failures="0" skipped="0" tests="37" time="1.734" timestamp="2026-04-02T19:10:17.194374+00:00" hostname="e2b.local"><testcase classname="tests.unit.test_bubble_ml.TestBubbleDetector" name="test_returns_all_keys" time="0.013" /><testcase classname="tests.unit.test_bubble_ml.TestBubbleDetector" name="test_bubble_score_in_unit_interval" time="0.004" /><testcase classname="tests.unit.test_bubble_ml.TestBubbleDetector" name="test_bubble_score_without_volume" time="0.003" /><testcase classname="tests.unit.test_bubble_ml.TestBubbleDetector" name="test_high_kurtosis_increases_score" time="0.005" /><testcase classname="tests.unit.test_bubble_ml.TestBubbleDetector" name="test_insufficient_returns_no_crash" time="0.003" /><testcase classname="tests.unit.test_bubble_ml.TestMetcalfe" name="test_network_value_positive" time="0.000" /><testcase classname="tests.unit.test_bubble_ml.TestMetcalfe" name="test_mmv_ratio_type" time="0.000" /><testcase classname="tests.unit.test_bubble_ml.TestMetcalfe" name="test_bubble_regime_labels" time="0.000" /><testcase classname="tests.unit.test_bubble_ml.TestLongMemory" name="test_gph_returns_two_values" time="0.001" /><testcase classname="tests.unit.test_bubble_ml.TestLongMemory" name="test_gph_iid_d_near_zero" time="0.001" /><testcase classname="tests.unit.test_bubble_ml.TestLongMemory" name="test_gph_se_uses_asymptotic_formula" time="0.001" /><testcase classname="tests.unit.test_bubble_ml.TestTechnicalIndicators" name="test_returns_all_columns" time="0.006" /><testcase classname="tests.unit.test_bubble_ml.TestTechnicalIndicators" name="test_index_aligned" time="0.006" /><testcase classname="tests.unit.test_bubble_ml.TestTechnicalIndicators" name="test_sma20_after_warmup" time="0.006" /><testcase classname="tests.unit.test_bubble_ml.TestTechnicalIndicators" name="test_sma50_after_warmup" time="0.006" /><testcase classname="tests.unit.test_bubble_ml.TestTechnicalIndicators" name="test_rsi_bounded" time="0.006" /><testcase classname="tests.unit.test_bubble_ml.TestTechnicalIndicators" name="test_macd_histogram_equals_diff" time="0.006" /><testcase classname="tests.unit.test_bubble_ml.TestTechnicalIndicators" name="test_bollinger_upper_ge_lower" time="0.007" /><testcase classname="tests.unit.test_bubble_ml.TestTechnicalIndicators" name="test_rsi_wilder_ema" time="0.007" /><testcase classname="tests.unit.test_bubble_ml.TestMLPipeline" name="test_returns_all_keys" time="0.254" /><testcase classname="tests.unit.test_bubble_ml.TestMLPipeline" name="test_three_models_trained" time="0.254" /><testcase classname="tests.unit.test_bubble_ml.TestMLPipeline" name="test_metrics_present" time="0.258" /><testcase classname="tests.unit.test_bubble_ml.TestMLPipeline" name="test_rmse_non_negative" time="0.267" /><testcase classname="tests.unit.test_bubble_ml.TestMLPipeline" name="test_last_features_scaled" time="0.272" /><testcase classname="tests.unit.test_bubble_ml.TestMLPipeline" name="test_returns_none_for_short_series" time="0.009" /><testcase classname="tests.unit.test_bubble_ml.TestMLPipeline" name="test_works_without_volume" time="0.269" /><testcase classname="tests.unit.test_bubble_ml.TestSentiment" name="test_bullish_text" time="0.000" /><testcase classname="tests.unit.test_bubble_ml.TestSentiment" name="test_bearish_text" time="0.000" /><testcase classname="tests.unit.test_bubble_ml.TestSentiment" name="test_neutral_text" time="0.000" /><testcase classname="tests.unit.test_bubble_ml.TestSentiment" name="test_mixed_text" time="0.000" /><testcase classname="tests.unit.test_bubble_ml.TestSentiment" name="test_score_bounded" time="0.000" /><testcase classname="tests.unit.test_bubble_ml.TestAssetFeatures" name="test_returns_dataframe" time="0.010" /><testcase classname="tests.unit.test_bubble_ml.TestAssetFeatures" name="test_feature_columns" time="0.004" /><testcase classname="tests.unit.test_bubble_ml.TestAssetFeatures" name="test_one_row_per_asset" time="0.004" /><testcase classname="tests.unit.test_bubble_ml.TestAssetFeatures" name="test_sharpe_uses_rf" time="0.005" /><testcase classname="tests.unit.test_bubble_ml.TestAssetFeatures" name="test_max_drawdown_non_positive" time="0.004" /><testcase classname="tests.unit.test_bubble_ml.TestAssetFeatures" name="test_volatility_positive" time="0.004" /></testsuite></testsuites>