<?xml version="1.0" encoding="utf-8"?><testsuites name="pytest tests"><testsuite name="pytest" errors="1" failures="0" skipped="0" tests="1" time="0.235" timestamp="2026-04-02T19:09:24.450253+00:00" hostname="e2b.local"><testcase classname="" name="tests.frontend.test_frontend" time="0.000"><error message="collection failure">ImportError while importing test module '/home/user/workspace/quantlab/tests/frontend/test_frontend.py'.
Hint: make sure your test modules/packages have valid Python names.
Traceback:
/usr/local/lib/python3.12/importlib/__init__.py:90: in import_module
    return _bootstrap._gcd_import(name[level:], package, level)
           ^^^^^^^^^^^^^^^^^^^^^^^^^^^^^^^^^^^^^^^^^^^^^^^^^^^^
/usr/local/lib/python3.12/site-packages/ddtrace/internal/module.py:295: in _exec_module
    self.loader.exec_module(module)
tests/frontend/test_frontend.py:25: in &lt;module&gt;
    from streamlit.testing.v1 import AppTest
E   ModuleNotFoundError: No module named 'streamlit.testing'; 'streamlit' is not a package</error></testcase></testsuite></testsuites>