<?xml version="1.0" encoding="utf-8"?><testsuites name="pytest tests"><testsuite name="pytest" errors="0" failures="0" skipped="0" tests="28" time="0.046" timestamp="2026-04-02T19:38:57.091628+00:00" hostname="e2b.local"><testcase classname="tests.unit.test_options.TestBlackScholes" name="test_call_positive" time="0.001" /><testcase classname="tests.unit.test_options.TestBlackScholes" name="test_put_positive" time="0.001" /><testcase classname="tests.unit.test_options.TestBlackScholes" name="test_put_call_parity" time="0.001" /><testcase classname="tests.unit.test_options.TestBlackScholes" name="test_call_intrinsic_at_expiry" time="0.000" /><testcase classname="tests.unit.test_options.TestBlackScholes" name="test_put_intrinsic_at_expiry" time="0.000" /><testcase classname="tests.unit.test_options.TestBlackScholes" name="test_deep_itm_call_approaches_forward" time="0.000" /><testcase classname="tests.unit.test_options.TestBlackScholes" name="test_higher_vol_higher_price" time="0.001" /><testcase classname="tests.unit.test_options.TestBlackScholes" name="test_longer_expiry_higher_price" time="0.001" /><testcase classname="tests.unit.test_options.TestBlackScholes" name="test_known_value" time="0.000" /><testcase classname="tests.unit.test_options.TestBlackScholes" name="test_zero_sigma_returns_intrinsic" time="0.000" /><testcase classname="tests.unit.test_options.TestGreeks" name="test_call_delta_between_0_and_1" time="0.001" /><testcase classname="tests.unit.test_options.TestGreeks" name="test_put_delta_between_minus1_and_0" time="0.001" /><testcase classname="tests.unit.test_options.TestGreeks" name="test_call_delta_atm_approx_half" time="0.001" /><testcase classname="tests.unit.test_options.TestGreeks" name="test_put_call_delta_sum_equals_one" time="0.001" /><testcase classname="tests.unit.test_options.TestGreeks" name="test_gamma_positive" time="0.001" /><testcase classname="tests.unit.test_options.TestGreeks" name="test_vega_positive" time="0.001" /><testcase classname="tests.unit.test_options.TestGreeks" name="test_call_theta_negative" time="0.001" /><testcase classname="tests.unit.test_options.TestGreeks" name="test_call_rho_positive" time="0.001" /><testcase classname="tests.unit.test_options.TestGreeks" name="test_put_rho_negative" time="0.001" /><testcase classname="tests.unit.test_options.TestGreeks" name="test_gamma_call_equals_put" time="0.001" /><testcase classname="tests.unit.test_options.TestGreeks" name="test_vega_call_equals_put" time="0.001" /><testcase classname="tests.unit.test_options.TestGreeks" name="test_expiry_returns_zeros" time="0.000" /><testcase classname="tests.unit.test_options.TestPayoffs" name="test_long_call_floor" time="0.000" /><testcase classname="tests.unit.test_options.TestPayoffs" name="test_long_put_floor" time="0.000" /><testcase classname="tests.unit.test_options.TestPayoffs" name="test_straddle_v_shape" time="0.001" /><testcase classname="tests.unit.test_options.TestPayoffs" name="test_iron_condor_limited_loss" time="0.000" /><testcase classname="tests.unit.test_options.TestPayoffs" name="test_bull_call_spread_capped_profit" time="0.000" /><testcase classname="tests.unit.test_options.TestPayoffs" name="test_bear_put_spread_max_gain" time="0.000" /></testsuite></testsuites>