<?xml version="1.0" encoding="utf-8"?><testsuites name="pytest tests"><testsuite name="pytest" errors="0" failures="0" skipped="0" tests="19" time="1.392" timestamp="2026-04-02T19:10:03.835890+00:00" hostname="e2b.local"><testcase classname="tests.unit.test_valuation.TestCAPM" name="test_capm_zero_beta" time="0.001" /><testcase classname="tests.unit.test_valuation.TestCAPM" name="test_capm_unit_beta" time="0.000" /><testcase classname="tests.unit.test_valuation.TestCAPM" name="test_capm_high_beta" time="0.000" /><testcase classname="tests.unit.test_valuation.TestCAPM" name="test_capm_negative_beta" time="0.000" /><testcase classname="tests.unit.test_valuation.TestCAPM" name="test_capm_return_type" time="0.000" /><testcase classname="tests.unit.test_valuation.TestBeta" name="test_beta_known_value" time="0.015" /><testcase classname="tests.unit.test_valuation.TestBeta" name="test_beta_market_itself_is_one" time="0.002" /><testcase classname="tests.unit.test_valuation.TestBeta" name="test_beta_insufficient_data" time="0.001" /><testcase classname="tests.unit.test_valuation.TestBeta" name="test_beta_uses_sample_variance" time="0.003" /><testcase classname="tests.unit.test_valuation.TestBeta" name="test_beta_non_overlapping_dates" time="0.001" /><testcase classname="tests.unit.test_valuation.TestWACC" name="test_wacc_returns_float" time="0.152" /><testcase classname="tests.unit.test_valuation.TestWACC" name="test_wacc_reasonable_range" time="0.455" /><testcase classname="tests.unit.test_valuation.TestWACC" name="test_wacc_increases_with_beta" time="0.262" /><testcase classname="tests.unit.test_valuation.TestWACC" name="test_wacc_higher_rf_raises_wacc" time="0.192" /><testcase classname="tests.unit.test_valuation.TestDCF" name="test_dcf_returns_value_or_none" time="0.183" /><testcase classname="tests.unit.test_valuation.TestDCF" name="test_dcf_wacc_le_terminal_growth_returns_none" time="0.094" /><testcase classname="tests.unit.test_valuation.TestFactorModels" name="test_fama_french_returns_float" time="0.002" /><testcase classname="tests.unit.test_valuation.TestFactorModels" name="test_fama_french_positive_expected_return" time="0.001" /><testcase classname="tests.unit.test_valuation.TestFactorModels" name="test_apt_returns_float" time="0.003" /></testsuite></testsuites>