<?xml version="1.0" encoding="utf-8"?><testsuites name="pytest tests"><testsuite name="pytest" errors="0" failures="0" skipped="0" tests="179" time="4.501" timestamp="2026-04-02T19:11:34.083213+00:00" hostname="e2b.local"><testcase classname="tests.unit.test_valuation.TestCAPM" name="test_capm_zero_beta" time="0.001" /><testcase classname="tests.unit.test_valuation.TestCAPM" name="test_capm_unit_beta" time="0.000" /><testcase classname="tests.unit.test_valuation.TestCAPM" name="test_capm_high_beta" time="0.000" /><testcase classname="tests.unit.test_valuation.TestCAPM" name="test_capm_negative_beta" time="0.000" /><testcase classname="tests.unit.test_valuation.TestCAPM" name="test_capm_return_type" time="0.000" /><testcase classname="tests.unit.test_valuation.TestBeta" name="test_beta_known_value" time="0.014" /><testcase classname="tests.unit.test_valuation.TestBeta" name="test_beta_market_itself_is_one" time="0.002" /><testcase classname="tests.unit.test_valuation.TestBeta" name="test_beta_insufficient_data" time="0.001" /><testcase classname="tests.unit.test_valuation.TestBeta" name="test_beta_uses_sample_variance" time="0.003" /><testcase classname="tests.unit.test_valuation.TestBeta" name="test_beta_non_overlapping_dates" time="0.001" /><testcase classname="tests.unit.test_valuation.TestWACC" name="test_wacc_returns_float" time="0.157" /><testcase classname="tests.unit.test_valuation.TestWACC" name="test_wacc_reasonable_range" time="0.429" /><testcase classname="tests.unit.test_valuation.TestWACC" name="test_wacc_increases_with_beta" time="0.173" /><testcase classname="tests.unit.test_valuation.TestWACC" name="test_wacc_higher_rf_raises_wacc" time="0.174" /><testcase classname="tests.unit.test_valuation.TestDCF" name="test_dcf_returns_value_or_none" time="0.168" /><testcase classname="tests.unit.test_valuation.TestDCF" name="test_dcf_wacc_le_terminal_growth_returns_none" time="0.089" /><testcase classname="tests.unit.test_valuation.TestFactorModels" name="test_fama_french_returns_float" time="0.002" /><testcase classname="tests.unit.test_valuation.TestFactorModels" name="test_fama_french_positive_expected_return" time="0.001" /><testcase classname="tests.unit.test_valuation.TestFactorModels" name="test_apt_returns_float" time="0.003" /><testcase classname="tests.unit.test_portfolio.TestOptimizerConstruction" name="test_attributes" time="0.010" /><testcase classname="tests.unit.test_portfolio.TestOptimizerConstruction" name="test_cov_matrix_positive_semidefinite" time="0.003" /><testcase classname="tests.unit.test_portfolio.TestOptimizerConstruction" name="test_semi_cov_shape" time="0.003" /><testcase classname="tests.unit.test_portfolio.TestOptimizerConstruction" name="test_cvar_matrix_shape" time="0.003" /><testcase classname="tests.unit.test_portfolio.TestWeightInvariants" name="test_weights_sum_to_one[maximum_sharpe]" time="0.019" /><testcase classname="tests.unit.test_portfolio.TestWeightInvariants" name="test_weights_sum_to_one[minimum_variance]" time="0.011" /><testcase classname="tests.unit.test_portfolio.TestWeightInvariants" name="test_weights_sum_to_one[risk_parity]" time="0.017" /><testcase classname="tests.unit.test_portfolio.TestWeightInvariants" name="test_weights_sum_to_one[minimum_cvar]" time="0.010" /><testcase classname="tests.unit.test_portfolio.TestWeightInvariants" name="test_weights_sum_to_one[maximum_diversification]" time="0.014" /><testcase classname="tests.unit.test_portfolio.TestWeightInvariants" name="test_weights_sum_to_one[kelly_criterion]" time="0.004" /><testcase classname="tests.unit.test_portfolio.TestWeightInvariants" name="test_weights_sum_to_one[black_litterman]" time="0.004" /><testcase classname="tests.unit.test_portfolio.TestWeightInvariants" name="test_weights_sum_to_one[hierarchical_risk_parity]" time="0.008" /><testcase classname="tests.unit.test_portfolio.TestWeightInvariants" name="test_weights_sum_to_one[equal_weight]" time="0.003" /><testcase classname="tests.unit.test_portfolio.TestWeightInvariants" name="test_weights_non_negative[maximum_sharpe]" time="0.019" /><testcase classname="tests.unit.test_portfolio.TestWeightInvariants" name="test_weights_non_negative[minimum_variance]" time="0.012" /><testcase classname="tests.unit.test_portfolio.TestWeightInvariants" name="test_weights_non_negative[risk_parity]" time="0.017" /><testcase classname="tests.unit.test_portfolio.TestWeightInvariants" name="test_weights_non_negative[minimum_cvar]" time="0.010" /><testcase classname="tests.unit.test_portfolio.TestWeightInvariants" name="test_weights_non_negative[maximum_diversification]" time="0.013" /><testcase classname="tests.unit.test_portfolio.TestWeightInvariants" name="test_weights_non_negative[kelly_criterion]" time="0.004" /><testcase classname="tests.unit.test_portfolio.TestWeightInvariants" name="test_weights_non_negative[black_litterman]" time="0.004" /><testcase classname="tests.unit.test_portfolio.TestWeightInvariants" name="test_weights_non_negative[hierarchical_risk_parity]" time="0.008" /><testcase classname="tests.unit.test_portfolio.TestWeightInvariants" name="test_weights_non_negative[equal_weight]" time="0.004" /><testcase classname="tests.unit.test_portfolio.TestWeightInvariants" name="test_weights_length[maximum_sharpe]" time="0.018" /><testcase classname="tests.unit.test_portfolio.TestWeightInvariants" name="test_weights_length[minimum_variance]" time="0.012" /><testcase classname="tests.unit.test_portfolio.TestWeightInvariants" name="test_weights_length[risk_parity]" time="0.017" /><testcase classname="tests.unit.test_portfolio.TestWeightInvariants" name="test_weights_length[minimum_cvar]" time="0.010" /><testcase classname="tests.unit.test_portfolio.TestWeightInvariants" name="test_weights_length[maximum_diversification]" time="0.014" /><testcase classname="tests.unit.test_portfolio.TestWeightInvariants" name="test_weights_length[kelly_criterion]" time="0.004" /><testcase classname="tests.unit.test_portfolio.TestWeightInvariants" name="test_weights_length[black_litterman]" time="0.004" /><testcase classname="tests.unit.test_portfolio.TestWeightInvariants" name="test_weights_length[hierarchical_risk_parity]" time="0.008" /><testcase classname="tests.unit.test_portfolio.TestWeightInvariants" name="test_weights_length[equal_weight]" time="0.003" /><testcase classname="tests.unit.test_portfolio.TestMaxSharpe" name="test_sharpe_exceeds_min_var" time="0.028" /><testcase classname="tests.unit.test_portfolio.TestMinVariance" name="test_vol_le_equal_weight" time="0.013" /><testcase classname="tests.unit.test_portfolio.TestEqualWeight" name="test_equal_weight_is_uniform" time="0.003" /><testcase classname="tests.unit.test_portfolio.TestRiskParity" name="test_risk_contributions_equal" time="0.016" /><testcase classname="tests.unit.test_portfolio.TestHRP" name="test_hrp_non_trivial" time="0.008" /><testcase classname="tests.unit.test_portfolio.TestBubbleAwareness" name="test_bubble_reduces_weight" time="0.036" /><testcase classname="tests.unit.test_portfolio.TestPortfolioMetrics" name="test_metrics_keys" time="0.004" /><testcase classname="tests.unit.test_portfolio.TestPortfolioMetrics" name="test_volatility_positive" time="0.004" /><testcase classname="tests.unit.test_portfolio.TestPortfolioMetrics" name="test_sharpe_includes_rf" time="0.004" /><testcase classname="tests.unit.test_portfolio.TestPortfolioMetrics" name="test_max_drawdown_non_positive" time="0.004" /><testcase classname="tests.unit.test_portfolio.TestRiskMatrices" name="test_semi_cov_uses_downside_rows" time="0.005" /><testcase classname="tests.unit.test_portfolio.TestRiskMatrices" name="test_cvar_matrix_portfolio_level_tail" time="0.005" /><testcase classname="tests.unit.test_options.TestBlackScholes" name="test_call_positive" time="0.001" /><testcase classname="tests.unit.test_options.TestBlackScholes" name="test_put_positive" time="0.001" /><testcase classname="tests.unit.test_options.TestBlackScholes" name="test_put_call_parity" time="0.001" /><testcase classname="tests.unit.test_options.TestBlackScholes" name="test_call_intrinsic_at_expiry" time="0.000" /><testcase classname="tests.unit.test_options.TestBlackScholes" name="test_put_intrinsic_at_expiry" time="0.000" /><testcase classname="tests.unit.test_options.TestBlackScholes" name="test_deep_itm_call_approaches_forward" time="0.000" /><testcase classname="tests.unit.test_options.TestBlackScholes" name="test_higher_vol_higher_price" time="0.001" /><testcase classname="tests.unit.test_options.TestBlackScholes" name="test_longer_expiry_higher_price" time="0.001" /><testcase classname="tests.unit.test_options.TestBlackScholes" name="test_known_value" time="0.000" /><testcase classname="tests.unit.test_options.TestBlackScholes" name="test_zero_sigma_returns_intrinsic" time="0.000" /><testcase classname="tests.unit.test_options.TestGreeks" name="test_call_delta_between_0_and_1" time="0.001" /><testcase classname="tests.unit.test_options.TestGreeks" name="test_put_delta_between_minus1_and_0" time="0.001" /><testcase classname="tests.unit.test_options.TestGreeks" name="test_call_delta_atm_approx_half" time="0.001" /><testcase classname="tests.unit.test_options.TestGreeks" name="test_put_call_delta_sum_equals_one" time="0.001" /><testcase classname="tests.unit.test_options.TestGreeks" name="test_gamma_positive" time="0.001" /><testcase classname="tests.unit.test_options.TestGreeks" name="test_vega_positive" time="0.001" /><testcase classname="tests.unit.test_options.TestGreeks" name="test_call_theta_negative" time="0.001" /><testcase classname="tests.unit.test_options.TestGreeks" name="test_call_rho_positive" time="0.001" /><testcase classname="tests.unit.test_options.TestGreeks" name="test_put_rho_negative" time="0.001" /><testcase classname="tests.unit.test_options.TestGreeks" name="test_gamma_call_equals_put" time="0.001" /><testcase classname="tests.unit.test_options.TestGreeks" name="test_vega_call_equals_put" time="0.001" /><testcase classname="tests.unit.test_options.TestGreeks" name="test_expiry_returns_zeros" time="0.000" /><testcase classname="tests.unit.test_options.TestPayoffs" name="test_long_call_floor" time="0.000" /><testcase classname="tests.unit.test_options.TestPayoffs" name="test_long_put_floor" time="0.000" /><testcase classname="tests.unit.test_options.TestPayoffs" name="test_straddle_v_shape" time="0.000" /><testcase classname="tests.unit.test_options.TestPayoffs" name="test_iron_condor_limited_loss" time="0.000" /><testcase classname="tests.unit.test_options.TestPayoffs" name="test_bull_call_spread_capped_profit" time="0.000" /><testcase classname="tests.unit.test_options.TestPayoffs" name="test_bear_put_spread_max_gain" time="0.000" /><testcase classname="tests.unit.test_bubble_ml.TestBubbleDetector" name="test_returns_all_keys" time="0.006" /><testcase classname="tests.unit.test_bubble_ml.TestBubbleDetector" name="test_bubble_score_in_unit_interval" time="0.003" /><testcase classname="tests.unit.test_bubble_ml.TestBubbleDetector" name="test_bubble_score_without_volume" time="0.003" /><testcase classname="tests.unit.test_bubble_ml.TestBubbleDetector" name="test_high_kurtosis_increases_score" time="0.005" /><testcase classname="tests.unit.test_bubble_ml.TestBubbleDetector" name="test_insufficient_returns_no_crash" time="0.003" /><testcase classname="tests.unit.test_bubble_ml.TestMetcalfe" name="test_network_value_positive" time="0.000" /><testcase classname="tests.unit.test_bubble_ml.TestMetcalfe" name="test_mmv_ratio_type" time="0.000" /><testcase classname="tests.unit.test_bubble_ml.TestMetcalfe" name="test_bubble_regime_labels" time="0.000" /><testcase classname="tests.unit.test_bubble_ml.TestLongMemory" name="test_gph_returns_two_values" time="0.001" /><testcase classname="tests.unit.test_bubble_ml.TestLongMemory" name="test_gph_iid_d_near_zero" time="0.001" /><testcase classname="tests.unit.test_bubble_ml.TestLongMemory" name="test_gph_se_uses_asymptotic_formula" time="0.001" /><testcase classname="tests.unit.test_bubble_ml.TestTechnicalIndicators" name="test_returns_all_columns" time="0.006" /><testcase classname="tests.unit.test_bubble_ml.TestTechnicalIndicators" name="test_index_aligned" time="0.007" /><testcase classname="tests.unit.test_bubble_ml.TestTechnicalIndicators" name="test_sma20_after_warmup" time="0.007" /><testcase classname="tests.unit.test_bubble_ml.TestTechnicalIndicators" name="test_sma50_after_warmup" time="0.006" /><testcase classname="tests.unit.test_bubble_ml.TestTechnicalIndicators" name="test_rsi_bounded" time="0.007" /><testcase classname="tests.unit.test_bubble_ml.TestTechnicalIndicators" name="test_macd_histogram_equals_diff" time="0.009" /><testcase classname="tests.unit.test_bubble_ml.TestTechnicalIndicators" name="test_bollinger_upper_ge_lower" time="0.007" /><testcase classname="tests.unit.test_bubble_ml.TestTechnicalIndicators" name="test_rsi_wilder_ema" time="0.008" /><testcase classname="tests.unit.test_bubble_ml.TestMLPipeline" name="test_returns_all_keys" time="0.271" /><testcase classname="tests.unit.test_bubble_ml.TestMLPipeline" name="test_three_models_trained" time="0.329" /><testcase classname="tests.unit.test_bubble_ml.TestMLPipeline" name="test_metrics_present" time="0.254" /><testcase classname="tests.unit.test_bubble_ml.TestMLPipeline" name="test_rmse_non_negative" time="0.257" /><testcase classname="tests.unit.test_bubble_ml.TestMLPipeline" name="test_last_features_scaled" time="0.252" /><testcase classname="tests.unit.test_bubble_ml.TestMLPipeline" name="test_returns_none_for_short_series" time="0.009" /><testcase classname="tests.unit.test_bubble_ml.TestMLPipeline" name="test_works_without_volume" time="0.289" /><testcase classname="tests.unit.test_bubble_ml.TestSentiment" name="test_bullish_text" time="0.000" /><testcase classname="tests.unit.test_bubble_ml.TestSentiment" name="test_bearish_text" time="0.000" /><testcase classname="tests.unit.test_bubble_ml.TestSentiment" name="test_neutral_text" time="0.000" /><testcase classname="tests.unit.test_bubble_ml.TestSentiment" name="test_mixed_text" time="0.000" /><testcase classname="tests.unit.test_bubble_ml.TestSentiment" name="test_score_bounded" time="0.000" /><testcase classname="tests.unit.test_bubble_ml.TestAssetFeatures" name="test_returns_dataframe" time="0.004" /><testcase classname="tests.unit.test_bubble_ml.TestAssetFeatures" name="test_feature_columns" time="0.004" /><testcase classname="tests.unit.test_bubble_ml.TestAssetFeatures" name="test_one_row_per_asset" time="0.004" /><testcase classname="tests.unit.test_bubble_ml.TestAssetFeatures" name="test_sharpe_uses_rf" time="0.005" /><testcase classname="tests.unit.test_bubble_ml.TestAssetFeatures" name="test_max_drawdown_non_positive" time="0.004" /><testcase classname="tests.unit.test_bubble_ml.TestAssetFeatures" name="test_volatility_positive" time="0.004" /><testcase classname="tests.unit.test_risk_and_errors.TestCompositeRiskScore" name="test_score_in_range" time="0.001" /><testcase classname="tests.unit.test_risk_and_errors.TestCompositeRiskScore" name="test_low_vix_low_score" time="0.001" /><testcase classname="tests.unit.test_risk_and_errors.TestCompositeRiskScore" name="test_high_vix_raises_score" time="0.001" /><testcase classname="tests.unit.test_risk_and_errors.TestCompositeRiskScore" name="test_inverted_yield_curve_raises_score" time="0.001" /><testcase classname="tests.unit.test_risk_and_errors.TestCompositeRiskScore" name="test_gold_rally_raises_score" time="0.001" /><testcase classname="tests.unit.test_risk_and_errors.TestCompositeRiskScore" name="test_empty_risk_data_returns_zero" time="0.000" /><testcase classname="tests.unit.test_risk_and_errors.TestCompositeRiskScore" name="test_score_never_exceeds_100" time="0.001" /><testcase classname="tests.unit.test_risk_and_errors.TestExceptionHierarchy" name="test_data_fetch_is_quantlab_error" time="0.000" /><testcase classname="tests.unit.test_risk_and_errors.TestExceptionHierarchy" name="test_validation_is_quantlab_error" time="0.000" /><testcase classname="tests.unit.test_risk_and_errors.TestExceptionHierarchy" name="test_calculation_is_quantlab_error" time="0.000" /><testcase classname="tests.unit.test_risk_and_errors.TestExceptionHierarchy" name="test_export_is_quantlab_error" time="0.000" /><testcase classname="tests.unit.test_risk_and_errors.TestExceptionHierarchy" name="test_fields_preserved" time="0.000" /><testcase classname="tests.unit.test_risk_and_errors.TestExceptionHierarchy" name="test_user_message_defaults_to_message" time="0.000" /><testcase classname="tests.unit.test_risk_and_errors.TestExceptionHierarchy" name="test_str_representation" time="0.000" /><testcase classname="tests.unit.test_risk_and_errors.TestHandleErrorDecorator" name="test_returns_value_on_success" time="0.000" /><testcase classname="tests.unit.test_risk_and_errors.TestHandleErrorDecorator" name="test_returns_none_on_data_fetch_error" time="0.001" /><testcase classname="tests.unit.test_risk_and_errors.TestHandleErrorDecorator" name="test_returns_none_on_calculation_error" time="0.000" /><testcase classname="tests.unit.test_risk_and_errors.TestHandleErrorDecorator" name="test_returns_none_on_generic_exception" time="0.002" /><testcase classname="tests.unit.test_risk_and_errors.TestHandleErrorDecorator" name="test_preserves_function_name" time="0.000" /><testcase classname="tests.unit.test_risk_and_errors.TestHandleErrorDecorator" name="test_passes_args_through" time="0.000" /><testcase classname="tests.unit.test_risk_and_errors.TestTickerParser" name="test_space_separated" time="0.000" /><testcase classname="tests.unit.test_risk_and_errors.TestTickerParser" name="test_comma_separated" time="0.000" /><testcase classname="tests.unit.test_risk_and_errors.TestTickerParser" name="test_comma_space_mixed" time="0.000" /><testcase classname="tests.unit.test_risk_and_errors.TestTickerParser" name="test_semicolon_separated" time="0.000" /><testcase classname="tests.unit.test_risk_and_errors.TestTickerParser" name="test_forex_ticker" time="0.000" /><testcase classname="tests.unit.test_risk_and_errors.TestTickerParser" name="test_crypto_ticker" time="0.000" /><testcase classname="tests.unit.test_risk_and_errors.TestTickerParser" name="test_commodity_ticker" time="0.000" /><testcase classname="tests.unit.test_risk_and_errors.TestTickerParser" name="test_index_ticker" time="0.000" /><testcase classname="tests.unit.test_risk_and_errors.TestTickerParser" name="test_strips_special_chars" time="0.000" /><testcase classname="tests.unit.test_risk_and_errors.TestTickerParser" name="test_empty_input" time="0.000" /><testcase classname="tests.unit.test_risk_and_errors.TestTickerParser" name="test_uppercase_normalisation" time="0.000" /><testcase classname="tests.unit.test_risk_and_errors.TestTickerParser" name="test_duplicate_tickers_preserved" time="0.000" /><testcase classname="tests.unit.test_risk_and_errors.TestFetchMarketDataErrors" name="test_empty_tickers_raises" time="0.000" /><testcase classname="tests.unit.test_risk_and_errors.TestFetchMarketDataErrors" name="test_network_error_raises_data_fetch_error" time="0.000" /><testcase classname="tests.unit.test_risk_and_errors.TestFetchMarketDataErrors" name="test_rate_limit_raises_data_fetch_error" time="0.000" /><testcase classname="tests.unit.test_risk_and_errors.TestFetchMarketDataErrors" name="test_empty_response_raises_data_fetch_error" time="0.001" /><testcase classname="tests.unit.test_integration.TestReturnsPipeline" name="test_returns_computed_correctly" time="0.001" /><testcase classname="tests.unit.test_integration.TestReturnsPipeline" name="test_metrics_all_tickers" time="0.004" /><testcase classname="tests.unit.test_integration.TestReturnsPipeline" name="test_sharpe_formula" time="0.001" /><testcase classname="tests.unit.test_integration.TestPortfolioPipeline" name="test_full_optimization_roundtrip" time="0.057" /><testcase classname="tests.unit.test_integration.TestPortfolioPipeline" name="test_portfolio_metrics_from_optimized_weights" time="0.018" /><testcase classname="tests.unit.test_integration.TestPortfolioPipeline" name="test_bubble_aware_reduces_overvalued_weight" time="0.033" /><testcase classname="tests.unit.test_integration.TestBubblePipeline" name="test_pipeline_for_all_tickers" time="0.011" /><testcase classname="tests.unit.test_integration.TestTechAndFeaturesPipeline" name="test_indicators_for_all_tickers" time="0.021" /><testcase classname="tests.unit.test_integration.TestTechAndFeaturesPipeline" name="test_compute_asset_features_pipeline" time="0.004" /><testcase classname="tests.unit.test_integration.TestMLPipeline" name="test_ml_all_models_predict" time="0.260" /><testcase classname="tests.unit.test_integration.TestMLPipeline" name="test_last_features_can_predict" time="0.257" /><testcase classname="tests.unit.test_integration.TestMLPipeline" name="test_predictions_actuals_length_match" time="0.251" /><testcase classname="tests.unit.test_integration.TestOptionsPipeline" name="test_bs_to_greeks_to_payoff" time="0.001" /><testcase classname="tests.unit.test_integration.TestOptionsPipeline" name="test_put_call_parity_pipeline" time="0.001" /><testcase classname="tests.unit.test_integration.TestNarrativePipeline" name="test_bearish_sentiment_with_high_risk" time="0.001" /><testcase classname="tests.unit.test_integration.TestNarrativePipeline" name="test_bullish_sentiment_low_risk_scenario" time="0.001" /></testsuite></testsuites>