<?xml version="1.0" encoding="utf-8"?><testsuites name="pytest tests"><testsuite name="pytest" errors="0" failures="0" skipped="0" tests="274" time="65.496" timestamp="2026-04-02T19:06:00.294842+00:00" hostname="e2b.local"><testcase classname="tests.frontend.test_frontend.TestAppInitialisation" name="test_app_loads_without_exception" time="0.627" /><testcase classname="tests.frontend.test_frontend.TestAppInitialisation" name="test_session_state_theme_defaults_to_light" time="0.354" /><testcase classname="tests.frontend.test_frontend.TestAppInitialisation" name="test_session_state_analysis_complete_false" time="0.357" /><testcase classname="tests.frontend.test_frontend.TestAppInitialisation" name="test_session_state_debug_mode_false" time="0.347" /><testcase classname="tests.frontend.test_frontend.TestAppInitialisation" name="test_session_state_last_updated_initialising" time="0.355" /><testcase classname="tests.frontend.test_frontend.TestAppInitialisation" name="test_session_state_data_is_none" time="0.350" /><testcase classname="tests.frontend.test_frontend.TestAppInitialisation" name="test_no_errors_on_fresh_load" time="0.359" /><testcase classname="tests.frontend.test_frontend.TestAppInitialisation" name="test_run_analysis_button_present" time="0.348" /><testcase classname="tests.frontend.test_frontend.TestAppInitialisation" name="test_run_analysis_button_not_yet_clicked" time="0.352" /><testcase classname="tests.frontend.test_frontend.TestDarkModeToggle" name="test_dark_mode_toggle_exists" time="0.361" /><testcase classname="tests.frontend.test_frontend.TestDarkModeToggle" name="test_dark_mode_defaults_to_off" time="0.346" /><testcase classname="tests.frontend.test_frontend.TestDarkModeToggle" name="test_toggle_dark_mode_on_sets_theme" time="0.725" /><testcase classname="tests.frontend.test_frontend.TestDarkModeToggle" name="test_toggle_dark_mode_off_resets_theme" time="1.222" /><testcase classname="tests.frontend.test_frontend.TestDarkModeToggle" name="test_dark_mode_no_exception" time="0.717" /><testcase classname="tests.frontend.test_frontend.TestAssetClassSelector" name="test_asset_class_selector_exists" time="0.364" /><testcase classname="tests.frontend.test_frontend.TestAssetClassSelector" name="test_default_asset_class_is_stocks" time="0.358" /><testcase classname="tests.frontend.test_frontend.TestAssetClassSelector" name="test_asset_class_options_present" time="0.369" /><testcase classname="tests.frontend.test_frontend.TestAssetClassSelector" name="test_select_forex_class" time="0.718" /><testcase classname="tests.frontend.test_frontend.TestAssetClassSelector" name="test_select_crypto_class" time="0.731" /><testcase classname="tests.frontend.test_frontend.TestAssetClassSelector" name="test_select_commodities_class" time="0.724" /><testcase classname="tests.frontend.test_frontend.TestQuickPresets" name="test_preset_selectbox_exists" time="0.374" /><testcase classname="tests.frontend.test_frontend.TestQuickPresets" name="test_default_preset_is_none" time="0.384" /><testcase classname="tests.frontend.test_frontend.TestQuickPresets" name="test_preset_options_include_tech_giants" time="0.364" /><testcase classname="tests.frontend.test_frontend.TestQuickPresets" name="test_preset_options_include_crypto" time="0.373" /><testcase classname="tests.frontend.test_frontend.TestQuickPresets" name="test_preset_options_include_forex" time="0.408" /><testcase classname="tests.frontend.test_frontend.TestQuickPresets" name="test_selecting_tech_giants_updates_tickers" time="0.989" /><testcase classname="tests.frontend.test_frontend.TestQuickPresets" name="test_selecting_crypto_preset_updates_tickers" time="0.777" /><testcase classname="tests.frontend.test_frontend.TestQuickPresets" name="test_selecting_forex_preset_updates_tickers" time="0.761" /><testcase classname="tests.frontend.test_frontend.TestQuickPresets" name="test_selecting_precious_metals_preset" time="0.769" /><testcase classname="tests.frontend.test_frontend.TestQuickPresets" name="test_at_least_22_preset_options" time="0.370" /><testcase classname="tests.frontend.test_frontend.TestTickerInput" name="test_ticker_area_exists" time="0.387" /><testcase classname="tests.frontend.test_frontend.TestTickerInput" name="test_ticker_area_label" time="0.361" /><testcase classname="tests.frontend.test_frontend.TestTickerInput" name="test_default_tickers_non_empty" time="0.394" /><testcase classname="tests.frontend.test_frontend.TestTickerInput" name="test_set_tickers_space_separated" time="0.725" /><testcase classname="tests.frontend.test_frontend.TestTickerInput" name="test_set_tickers_comma_separated" time="0.778" /><testcase classname="tests.frontend.test_frontend.TestTickerInput" name="test_set_forex_tickers" time="0.775" /><testcase classname="tests.frontend.test_frontend.TestTickerInput" name="test_set_commodity_tickers" time="0.756" /><testcase classname="tests.frontend.test_frontend.TestTickerInput" name="test_empty_tickers_no_crash" time="0.758" /><testcase classname="tests.frontend.test_frontend.TestTickerInput" name="test_whitespace_only_no_crash" time="0.953" /><testcase classname="tests.frontend.test_frontend.TestAdvancedSettingsMonteCarlo" name="test_mc_simulations_slider_exists" time="0.382" /><testcase classname="tests.frontend.test_frontend.TestAdvancedSettingsMonteCarlo" name="test_mc_simulations_default_500" time="0.375" /><testcase classname="tests.frontend.test_frontend.TestAdvancedSettingsMonteCarlo" name="test_mc_simulations_min_100_max_2000" time="0.369" /><testcase classname="tests.frontend.test_frontend.TestAdvancedSettingsMonteCarlo" name="test_set_mc_simulations_1000" time="0.727" /><testcase classname="tests.frontend.test_frontend.TestAdvancedSettingsMonteCarlo" name="test_forecast_days_slider_exists" time="0.365" /><testcase classname="tests.frontend.test_frontend.TestAdvancedSettingsMonteCarlo" name="test_forecast_days_default_90" time="0.381" /><testcase classname="tests.frontend.test_frontend.TestAdvancedSettingsMonteCarlo" name="test_simulation_method_selectbox" time="0.362" /><testcase classname="tests.frontend.test_frontend.TestAdvancedSettingsMonteCarlo" name="test_switch_to_gbm_simulation" time="0.752" /><testcase classname="tests.frontend.test_frontend.TestAdvancedSettingsPortfolio" name="test_bubble_aware_checkbox_exists" time="0.394" /><testcase classname="tests.frontend.test_frontend.TestAdvancedSettingsPortfolio" name="test_bubble_aware_defaults_true" time="0.376" /><testcase classname="tests.frontend.test_frontend.TestAdvancedSettingsPortfolio" name="test_disable_bubble_aware" time="0.760" /><testcase classname="tests.frontend.test_frontend.TestAdvancedSettingsPortfolio" name="test_bubble_penalty_slider_exists" time="0.393" /><testcase classname="tests.frontend.test_frontend.TestAdvancedSettingsPortfolio" name="test_bubble_penalty_default_0_5" time="0.382" /><testcase classname="tests.frontend.test_frontend.TestAdvancedSettingsPortfolio" name="test_benchmark_selectbox_exists" time="0.395" /><testcase classname="tests.frontend.test_frontend.TestAdvancedSettingsPortfolio" name="test_benchmark_options" time="0.399" /><testcase classname="tests.frontend.test_frontend.TestAdvancedSettingsPortfolio" name="test_rebalancing_selectbox_exists" time="0.373" /><testcase classname="tests.frontend.test_frontend.TestAdvancedSettingsPortfolio" name="test_rebalancing_default_buy_hold" time="0.605" /><testcase classname="tests.frontend.test_frontend.TestAdvancedSettingsPortfolio" name="test_rebalancing_options" time="0.386" /><testcase classname="tests.frontend.test_frontend.TestAdvancedSettingsPortfolio" name="test_custom_rf_checkbox" time="0.403" /><testcase classname="tests.frontend.test_frontend.TestAdvancedSettingsPortfolio" name="test_enable_custom_rf" time="0.809" /><testcase classname="tests.frontend.test_frontend.TestAdvancedSettingsML" name="test_ml_training_period_slider_exists" time="0.385" /><testcase classname="tests.frontend.test_frontend.TestAdvancedSettingsML" name="test_ml_training_period_default_3" time="0.395" /><testcase classname="tests.frontend.test_frontend.TestAdvancedSettingsML" name="test_ml_training_period_range" time="0.436" /><testcase classname="tests.frontend.test_frontend.TestAdvancedSettingsML" name="test_clustering_method_selectbox" time="0.391" /><testcase classname="tests.frontend.test_frontend.TestAdvancedSettingsML" name="test_switch_clustering_to_gmm" time="0.881" /><testcase classname="tests.frontend.test_frontend.TestAdvancedSettingsML" name="test_anomaly_sensitivity_slider" time="0.414" /><testcase classname="tests.frontend.test_frontend.TestAdvancedSettingsDisplay" name="test_chart_height_slider_exists" time="0.388" /><testcase classname="tests.frontend.test_frontend.TestAdvancedSettingsDisplay" name="test_chart_height_default_500" time="0.422" /><testcase classname="tests.frontend.test_frontend.TestAdvancedSettingsDisplay" name="test_chart_height_range" time="0.422" /><testcase classname="tests.frontend.test_frontend.TestAdvancedSettingsDisplay" name="test_export_sections_multiselect_exists" time="0.412" /><testcase classname="tests.frontend.test_frontend.TestAdvancedSettingsDisplay" name="test_export_sections_has_defaults" time="0.408" /><testcase classname="tests.frontend.test_frontend.TestAdvancedSettingsDisplay" name="test_export_sections_all_options_available" time="0.416" /><testcase classname="tests.frontend.test_frontend.TestAdvancedSettingsDisplay" name="test_auto_refresh_toggle_exists" time="0.432" /><testcase classname="tests.frontend.test_frontend.TestAdvancedSettingsDisplay" name="test_auto_refresh_defaults_off" time="0.382" /><testcase classname="tests.frontend.test_frontend.TestAdvancedSettingsDisplay" name="test_enable_auto_refresh" time="1.040" /><testcase classname="tests.frontend.test_frontend.TestDebugMode" name="test_debug_checkbox_exists" time="0.397" /><testcase classname="tests.frontend.test_frontend.TestDebugMode" name="test_debug_mode_defaults_off" time="0.388" /><testcase classname="tests.frontend.test_frontend.TestDebugMode" name="test_enable_debug_mode" time="0.798" /><testcase classname="tests.frontend.test_frontend.TestDebugMode" name="test_disable_debug_mode_via_new_session" time="0.404" /><testcase classname="tests.frontend.test_frontend.TestRunAnalysis" name="test_analysis_not_complete_before_click" time="0.401" /><testcase classname="tests.frontend.test_frontend.TestRunAnalysis" name="test_analysis_button_present_and_clickable" time="0.434" /><testcase classname="tests.frontend.test_frontend.TestRunAnalysis" name="test_data_is_none_before_analysis" time="0.458" /><testcase classname="tests.frontend.test_frontend.TestRunAnalysis" name="test_run_empty_tickers_shows_error_and_stays_incomplete" time="1.363" /><testcase classname="tests.frontend.test_frontend.TestRunAnalysis" name="test_simulation_method_default_behavioral_agent" time="0.475" /><testcase classname="tests.frontend.test_frontend.TestRunAnalysis" name="test_simulation_method_switch_to_gbm" time="0.947" /><testcase classname="tests.frontend.test_frontend.TestRunAnalysis" name="test_clustering_method_persists_across_runs" time="0.877" /><testcase classname="tests.frontend.test_frontend.TestRunAnalysis" name="test_mc_sims_persists_after_preset_change" time="1.255" /><testcase classname="tests.frontend.test_frontend.TestErrorHandling" name="test_empty_tickers_shows_error" time="1.421" /><testcase classname="tests.frontend.test_frontend.TestErrorHandling" name="test_whitespace_only_tickers_shows_error" time="1.229" /><testcase classname="tests.frontend.test_frontend.TestErrorHandling" name="test_error_does_not_persist_after_ticker_fix" time="1.640" /><testcase classname="tests.frontend.test_frontend.TestErrorHandling" name="test_analysis_complete_false_on_fresh_load" time="0.419" /><testcase classname="tests.frontend.test_frontend.TestErrorHandling" name="test_no_error_on_fresh_load" time="0.402" /><testcase classname="tests.frontend.test_frontend.TestCompositeFlows" name="test_preset_then_dark_mode" time="1.248" /><testcase classname="tests.frontend.test_frontend.TestCompositeFlows" name="test_change_multiple_advanced_settings" time="1.617" /><testcase classname="tests.frontend.test_frontend.TestCompositeFlows" name="test_forex_preset_with_benchmark_change" time="1.225" /><testcase classname="tests.frontend.test_frontend.TestCompositeFlows" name="test_debug_mode_with_dark_mode" time="1.417" /><testcase classname="tests.unit.test_bubble_ml.TestBubbleDetector" name="test_returns_all_keys" time="0.030" /><testcase classname="tests.unit.test_bubble_ml.TestBubbleDetector" name="test_bubble_score_in_unit_interval" time="0.016" /><testcase classname="tests.unit.test_bubble_ml.TestBubbleDetector" name="test_bubble_score_without_volume" time="0.027" /><testcase classname="tests.unit.test_bubble_ml.TestBubbleDetector" name="test_high_kurtosis_increases_score" time="0.035" /><testcase classname="tests.unit.test_bubble_ml.TestBubbleDetector" name="test_insufficient_returns_no_crash" time="0.011" /><testcase classname="tests.unit.test_bubble_ml.TestMetcalfe" name="test_network_value_positive" time="0.005" /><testcase classname="tests.unit.test_bubble_ml.TestMetcalfe" name="test_mmv_ratio_type" time="0.006" /><testcase classname="tests.unit.test_bubble_ml.TestMetcalfe" name="test_bubble_regime_labels" time="0.003" /><testcase classname="tests.unit.test_bubble_ml.TestLongMemory" name="test_gph_returns_two_values" time="0.003" /><testcase classname="tests.unit.test_bubble_ml.TestLongMemory" name="test_gph_iid_d_near_zero" time="0.002" /><testcase classname="tests.unit.test_bubble_ml.TestLongMemory" name="test_gph_se_uses_asymptotic_formula" time="0.005" /><testcase classname="tests.unit.test_bubble_ml.TestTechnicalIndicators" name="test_returns_all_columns" time="0.011" /><testcase classname="tests.unit.test_bubble_ml.TestTechnicalIndicators" name="test_index_aligned" time="0.027" /><testcase classname="tests.unit.test_bubble_ml.TestTechnicalIndicators" name="test_sma20_after_warmup" time="0.061" /><testcase classname="tests.unit.test_bubble_ml.TestTechnicalIndicators" name="test_sma50_after_warmup" time="0.020" /><testcase classname="tests.unit.test_bubble_ml.TestTechnicalIndicators" name="test_rsi_bounded" time="0.024" /><testcase classname="tests.unit.test_bubble_ml.TestTechnicalIndicators" name="test_macd_histogram_equals_diff" time="0.027" /><testcase classname="tests.unit.test_bubble_ml.TestTechnicalIndicators" name="test_bollinger_upper_ge_lower" time="0.011" /><testcase classname="tests.unit.test_bubble_ml.TestTechnicalIndicators" name="test_rsi_wilder_ema" time="0.013" /><testcase classname="tests.unit.test_bubble_ml.TestMLPipeline" name="test_returns_all_keys" time="0.673" /><testcase classname="tests.unit.test_bubble_ml.TestMLPipeline" name="test_three_models_trained" time="0.017" /><testcase classname="tests.unit.test_bubble_ml.TestMLPipeline" name="test_metrics_present" time="0.020" /><testcase classname="tests.unit.test_bubble_ml.TestMLPipeline" name="test_rmse_non_negative" time="0.014" /><testcase classname="tests.unit.test_bubble_ml.TestMLPipeline" name="test_last_features_scaled" time="0.013" /><testcase classname="tests.unit.test_bubble_ml.TestMLPipeline" name="test_returns_none_for_short_series" time="0.021" /><testcase classname="tests.unit.test_bubble_ml.TestMLPipeline" name="test_works_without_volume" time="0.651" /><testcase classname="tests.unit.test_bubble_ml.TestSentiment" name="test_bullish_text" time="0.004" /><testcase classname="tests.unit.test_bubble_ml.TestSentiment" name="test_bearish_text" time="0.006" /><testcase classname="tests.unit.test_bubble_ml.TestSentiment" name="test_neutral_text" time="0.002" /><testcase classname="tests.unit.test_bubble_ml.TestSentiment" name="test_mixed_text" time="0.007" /><testcase classname="tests.unit.test_bubble_ml.TestSentiment" name="test_score_bounded" time="0.003" /><testcase classname="tests.unit.test_bubble_ml.TestAssetFeatures" name="test_returns_dataframe" time="0.026" /><testcase classname="tests.unit.test_bubble_ml.TestAssetFeatures" name="test_feature_columns" time="0.022" /><testcase classname="tests.unit.test_bubble_ml.TestAssetFeatures" name="test_one_row_per_asset" time="0.019" /><testcase classname="tests.unit.test_bubble_ml.TestAssetFeatures" name="test_sharpe_uses_rf" time="0.021" /><testcase classname="tests.unit.test_bubble_ml.TestAssetFeatures" name="test_max_drawdown_non_positive" time="0.018" /><testcase classname="tests.unit.test_bubble_ml.TestAssetFeatures" name="test_volatility_positive" time="0.032" /><testcase classname="tests.unit.test_integration.TestReturnsPipeline" name="test_returns_computed_correctly" time="0.010" /><testcase classname="tests.unit.test_integration.TestReturnsPipeline" name="test_metrics_all_tickers" time="0.016" /><testcase classname="tests.unit.test_integration.TestReturnsPipeline" name="test_sharpe_formula" time="0.007" /><testcase classname="tests.unit.test_integration.TestPortfolioPipeline" name="test_full_optimization_roundtrip" time="0.077" /><testcase classname="tests.unit.test_integration.TestPortfolioPipeline" name="test_portfolio_metrics_from_optimized_weights" time="0.040" /><testcase classname="tests.unit.test_integration.TestPortfolioPipeline" name="test_bubble_aware_reduces_overvalued_weight" time="0.047" /><testcase classname="tests.unit.test_integration.TestBubblePipeline" name="test_pipeline_for_all_tickers" time="0.041" /><testcase classname="tests.unit.test_integration.TestTechAndFeaturesPipeline" name="test_indicators_for_all_tickers" time="0.077" /><testcase classname="tests.unit.test_integration.TestTechAndFeaturesPipeline" name="test_compute_asset_features_pipeline" time="0.022" /><testcase classname="tests.unit.test_integration.TestMLPipeline" name="test_ml_all_models_predict" time="0.010" /><testcase classname="tests.unit.test_integration.TestMLPipeline" name="test_last_features_can_predict" time="0.022" /><testcase classname="tests.unit.test_integration.TestMLPipeline" name="test_predictions_actuals_length_match" time="0.017" /><testcase classname="tests.unit.test_integration.TestOptionsPipeline" name="test_bs_to_greeks_to_payoff" time="0.011" /><testcase classname="tests.unit.test_integration.TestOptionsPipeline" name="test_put_call_parity_pipeline" time="0.004" /><testcase classname="tests.unit.test_integration.TestNarrativePipeline" name="test_bearish_sentiment_with_high_risk" time="0.008" /><testcase classname="tests.unit.test_integration.TestNarrativePipeline" name="test_bullish_sentiment_low_risk_scenario" time="0.009" /><testcase classname="tests.unit.test_options.TestBlackScholes" name="test_call_positive" time="0.005" /><testcase classname="tests.unit.test_options.TestBlackScholes" name="test_put_positive" time="0.008" /><testcase classname="tests.unit.test_options.TestBlackScholes" name="test_put_call_parity" time="0.005" /><testcase classname="tests.unit.test_options.TestBlackScholes" name="test_call_intrinsic_at_expiry" time="0.004" /><testcase classname="tests.unit.test_options.TestBlackScholes" name="test_put_intrinsic_at_expiry" time="0.007" /><testcase classname="tests.unit.test_options.TestBlackScholes" name="test_deep_itm_call_approaches_forward" time="0.009" /><testcase classname="tests.unit.test_options.TestBlackScholes" name="test_higher_vol_higher_price" time="0.005" /><testcase classname="tests.unit.test_options.TestBlackScholes" name="test_longer_expiry_higher_price" time="0.003" /><testcase classname="tests.unit.test_options.TestBlackScholes" name="test_known_value" time="0.007" /><testcase classname="tests.unit.test_options.TestBlackScholes" name="test_zero_sigma_returns_intrinsic" time="0.006" /><testcase classname="tests.unit.test_options.TestGreeks" name="test_call_delta_between_0_and_1" time="0.005" /><testcase classname="tests.unit.test_options.TestGreeks" name="test_put_delta_between_minus1_and_0" time="0.006" /><testcase classname="tests.unit.test_options.TestGreeks" name="test_call_delta_atm_approx_half" time="0.002" /><testcase classname="tests.unit.test_options.TestGreeks" name="test_put_call_delta_sum_equals_one" time="0.007" /><testcase classname="tests.unit.test_options.TestGreeks" name="test_gamma_positive" time="0.006" /><testcase classname="tests.unit.test_options.TestGreeks" name="test_vega_positive" time="0.009" /><testcase classname="tests.unit.test_options.TestGreeks" name="test_call_theta_negative" time="0.012" /><testcase classname="tests.unit.test_options.TestGreeks" name="test_call_rho_positive" time="0.009" /><testcase classname="tests.unit.test_options.TestGreeks" name="test_put_rho_negative" time="0.005" /><testcase classname="tests.unit.test_options.TestGreeks" name="test_gamma_call_equals_put" time="0.011" /><testcase classname="tests.unit.test_options.TestGreeks" name="test_vega_call_equals_put" time="0.007" /><testcase classname="tests.unit.test_options.TestGreeks" name="test_expiry_returns_zeros" time="0.002" /><testcase classname="tests.unit.test_options.TestPayoffs" name="test_long_call_floor" time="0.001" /><testcase classname="tests.unit.test_options.TestPayoffs" name="test_long_put_floor" time="0.009" /><testcase classname="tests.unit.test_options.TestPayoffs" name="test_straddle_v_shape" time="0.008" /><testcase classname="tests.unit.test_options.TestPayoffs" name="test_iron_condor_limited_loss" time="0.006" /><testcase classname="tests.unit.test_options.TestPayoffs" name="test_bull_call_spread_capped_profit" time="0.006" /><testcase classname="tests.unit.test_options.TestPayoffs" name="test_bear_put_spread_max_gain" time="0.002" /><testcase classname="tests.unit.test_portfolio.TestOptimizerConstruction" name="test_attributes" time="0.011" /><testcase classname="tests.unit.test_portfolio.TestOptimizerConstruction" name="test_cov_matrix_positive_semidefinite" time="0.016" /><testcase classname="tests.unit.test_portfolio.TestOptimizerConstruction" name="test_semi_cov_shape" time="0.015" /><testcase classname="tests.unit.test_portfolio.TestOptimizerConstruction" name="test_cvar_matrix_shape" time="0.010" /><testcase classname="tests.unit.test_portfolio.TestWeightInvariants" name="test_weights_sum_to_one[maximum_sharpe]" time="0.030" /><testcase classname="tests.unit.test_portfolio.TestWeightInvariants" name="test_weights_sum_to_one[minimum_variance]" time="0.021" /><testcase classname="tests.unit.test_portfolio.TestWeightInvariants" name="test_weights_sum_to_one[risk_parity]" time="0.038" /><testcase classname="tests.unit.test_portfolio.TestWeightInvariants" name="test_weights_sum_to_one[minimum_cvar]" time="0.016" /><testcase classname="tests.unit.test_portfolio.TestWeightInvariants" name="test_weights_sum_to_one[maximum_diversification]" time="0.023" /><testcase classname="tests.unit.test_portfolio.TestWeightInvariants" name="test_weights_sum_to_one[kelly_criterion]" time="0.016" /><testcase classname="tests.unit.test_portfolio.TestWeightInvariants" name="test_weights_sum_to_one[black_litterman]" time="0.021" /><testcase classname="tests.unit.test_portfolio.TestWeightInvariants" name="test_weights_sum_to_one[hierarchical_risk_parity]" time="0.029" /><testcase classname="tests.unit.test_portfolio.TestWeightInvariants" name="test_weights_sum_to_one[equal_weight]" time="0.009" /><testcase classname="tests.unit.test_portfolio.TestWeightInvariants" name="test_weights_non_negative[maximum_sharpe]" time="0.024" /><testcase classname="tests.unit.test_portfolio.TestWeightInvariants" name="test_weights_non_negative[minimum_variance]" time="0.025" /><testcase classname="tests.unit.test_portfolio.TestWeightInvariants" name="test_weights_non_negative[risk_parity]" time="0.036" /><testcase classname="tests.unit.test_portfolio.TestWeightInvariants" name="test_weights_non_negative[minimum_cvar]" time="0.027" /><testcase classname="tests.unit.test_portfolio.TestWeightInvariants" name="test_weights_non_negative[maximum_diversification]" time="0.031" /><testcase classname="tests.unit.test_portfolio.TestWeightInvariants" name="test_weights_non_negative[kelly_criterion]" time="0.011" /><testcase classname="tests.unit.test_portfolio.TestWeightInvariants" name="test_weights_non_negative[black_litterman]" time="0.018" /><testcase classname="tests.unit.test_portfolio.TestWeightInvariants" name="test_weights_non_negative[hierarchical_risk_parity]" time="0.021" /><testcase classname="tests.unit.test_portfolio.TestWeightInvariants" name="test_weights_non_negative[equal_weight]" time="0.011" /><testcase classname="tests.unit.test_portfolio.TestWeightInvariants" name="test_weights_length[maximum_sharpe]" time="0.020" /><testcase classname="tests.unit.test_portfolio.TestWeightInvariants" name="test_weights_length[minimum_variance]" time="0.027" /><testcase classname="tests.unit.test_portfolio.TestWeightInvariants" name="test_weights_length[risk_parity]" time="0.021" /><testcase classname="tests.unit.test_portfolio.TestWeightInvariants" name="test_weights_length[minimum_cvar]" time="0.019" /><testcase classname="tests.unit.test_portfolio.TestWeightInvariants" name="test_weights_length[maximum_diversification]" time="0.024" /><testcase classname="tests.unit.test_portfolio.TestWeightInvariants" name="test_weights_length[kelly_criterion]" time="0.007" /><testcase classname="tests.unit.test_portfolio.TestWeightInvariants" name="test_weights_length[black_litterman]" time="0.018" /><testcase classname="tests.unit.test_portfolio.TestWeightInvariants" name="test_weights_length[hierarchical_risk_parity]" time="0.015" /><testcase classname="tests.unit.test_portfolio.TestWeightInvariants" name="test_weights_length[equal_weight]" time="0.021" /><testcase classname="tests.unit.test_portfolio.TestMaxSharpe" name="test_sharpe_exceeds_min_var" time="0.051" /><testcase classname="tests.unit.test_portfolio.TestMinVariance" name="test_vol_le_equal_weight" time="0.026" /><testcase classname="tests.unit.test_portfolio.TestEqualWeight" name="test_equal_weight_is_uniform" time="0.011" /><testcase classname="tests.unit.test_portfolio.TestRiskParity" name="test_risk_contributions_equal" time="0.032" /><testcase classname="tests.unit.test_portfolio.TestHRP" name="test_hrp_non_trivial" time="0.025" /><testcase classname="tests.unit.test_portfolio.TestBubbleAwareness" name="test_bubble_reduces_weight" time="0.060" /><testcase classname="tests.unit.test_portfolio.TestPortfolioMetrics" name="test_metrics_keys" time="0.018" /><testcase classname="tests.unit.test_portfolio.TestPortfolioMetrics" name="test_volatility_positive" time="0.023" /><testcase classname="tests.unit.test_portfolio.TestPortfolioMetrics" name="test_sharpe_includes_rf" time="0.015" /><testcase classname="tests.unit.test_portfolio.TestPortfolioMetrics" name="test_max_drawdown_non_positive" time="0.018" /><testcase classname="tests.unit.test_portfolio.TestRiskMatrices" name="test_semi_cov_uses_downside_rows" time="0.016" /><testcase classname="tests.unit.test_portfolio.TestRiskMatrices" name="test_cvar_matrix_portfolio_level_tail" time="0.013" /><testcase classname="tests.unit.test_risk_and_errors.TestCompositeRiskScore" name="test_score_in_range" time="0.006" /><testcase classname="tests.unit.test_risk_and_errors.TestCompositeRiskScore" name="test_low_vix_low_score" time="0.005" /><testcase classname="tests.unit.test_risk_and_errors.TestCompositeRiskScore" name="test_high_vix_raises_score" time="0.005" /><testcase classname="tests.unit.test_risk_and_errors.TestCompositeRiskScore" name="test_inverted_yield_curve_raises_score" time="0.003" /><testcase classname="tests.unit.test_risk_and_errors.TestCompositeRiskScore" name="test_gold_rally_raises_score" time="0.008" /><testcase classname="tests.unit.test_risk_and_errors.TestCompositeRiskScore" name="test_empty_risk_data_returns_zero" time="0.009" /><testcase classname="tests.unit.test_risk_and_errors.TestCompositeRiskScore" name="test_score_never_exceeds_100" time="0.003" /><testcase classname="tests.unit.test_risk_and_errors.TestExceptionHierarchy" name="test_data_fetch_is_quantlab_error" time="0.008" /><testcase classname="tests.unit.test_risk_and_errors.TestExceptionHierarchy" name="test_validation_is_quantlab_error" time="0.006" /><testcase classname="tests.unit.test_risk_and_errors.TestExceptionHierarchy" name="test_calculation_is_quantlab_error" time="0.006" /><testcase classname="tests.unit.test_risk_and_errors.TestExceptionHierarchy" name="test_export_is_quantlab_error" time="0.008" /><testcase classname="tests.unit.test_risk_and_errors.TestExceptionHierarchy" name="test_fields_preserved" time="0.007" /><testcase classname="tests.unit.test_risk_and_errors.TestExceptionHierarchy" name="test_user_message_defaults_to_message" time="0.002" /><testcase classname="tests.unit.test_risk_and_errors.TestExceptionHierarchy" name="test_str_representation" time="0.002" /><testcase classname="tests.unit.test_risk_and_errors.TestHandleErrorDecorator" name="test_returns_value_on_success" time="0.003" /><testcase classname="tests.unit.test_risk_and_errors.TestHandleErrorDecorator" name="test_returns_none_on_data_fetch_error" time="0.013" /><testcase classname="tests.unit.test_risk_and_errors.TestHandleErrorDecorator" name="test_returns_none_on_calculation_error" time="0.002" /><testcase classname="tests.unit.test_risk_and_errors.TestHandleErrorDecorator" name="test_returns_none_on_generic_exception" time="0.007" /><testcase classname="tests.unit.test_risk_and_errors.TestHandleErrorDecorator" name="test_preserves_function_name" time="0.005" /><testcase classname="tests.unit.test_risk_and_errors.TestHandleErrorDecorator" name="test_passes_args_through" time="0.005" /><testcase classname="tests.unit.test_risk_and_errors.TestTickerParser" name="test_space_separated" time="0.009" /><testcase classname="tests.unit.test_risk_and_errors.TestTickerParser" name="test_comma_separated" time="0.004" /><testcase classname="tests.unit.test_risk_and_errors.TestTickerParser" name="test_comma_space_mixed" time="0.003" /><testcase classname="tests.unit.test_risk_and_errors.TestTickerParser" name="test_semicolon_separated" time="0.008" /><testcase classname="tests.unit.test_risk_and_errors.TestTickerParser" name="test_forex_ticker" time="0.008" /><testcase classname="tests.unit.test_risk_and_errors.TestTickerParser" name="test_crypto_ticker" time="0.005" /><testcase classname="tests.unit.test_risk_and_errors.TestTickerParser" name="test_commodity_ticker" time="0.007" /><testcase classname="tests.unit.test_risk_and_errors.TestTickerParser" name="test_index_ticker" time="0.006" /><testcase classname="tests.unit.test_risk_and_errors.TestTickerParser" name="test_strips_special_chars" time="0.007" /><testcase classname="tests.unit.test_risk_and_errors.TestTickerParser" name="test_empty_input" time="0.003" /><testcase classname="tests.unit.test_risk_and_errors.TestTickerParser" name="test_uppercase_normalisation" time="0.005" /><testcase classname="tests.unit.test_risk_and_errors.TestTickerParser" name="test_duplicate_tickers_preserved" time="0.002" /><testcase classname="tests.unit.test_risk_and_errors.TestFetchMarketDataErrors" name="test_empty_tickers_raises" time="0.006" /><testcase classname="tests.unit.test_risk_and_errors.TestFetchMarketDataErrors" name="test_network_error_raises_data_fetch_error" time="0.007" /><testcase classname="tests.unit.test_risk_and_errors.TestFetchMarketDataErrors" name="test_rate_limit_raises_data_fetch_error" time="0.006" /><testcase classname="tests.unit.test_risk_and_errors.TestFetchMarketDataErrors" name="test_empty_response_raises_data_fetch_error" time="0.002" /><testcase classname="tests.unit.test_valuation.TestCAPM" name="test_capm_zero_beta" time="0.002" /><testcase classname="tests.unit.test_valuation.TestCAPM" name="test_capm_unit_beta" time="0.009" /><testcase classname="tests.unit.test_valuation.TestCAPM" name="test_capm_high_beta" time="0.003" /><testcase classname="tests.unit.test_valuation.TestCAPM" name="test_capm_negative_beta" time="0.007" /><testcase classname="tests.unit.test_valuation.TestCAPM" name="test_capm_return_type" time="0.007" /><testcase classname="tests.unit.test_valuation.TestBeta" name="test_beta_known_value" time="0.021" /><testcase classname="tests.unit.test_valuation.TestBeta" name="test_beta_market_itself_is_one" time="0.011" /><testcase classname="tests.unit.test_valuation.TestBeta" name="test_beta_insufficient_data" time="0.003" /><testcase classname="tests.unit.test_valuation.TestBeta" name="test_beta_uses_sample_variance" time="0.015" /><testcase classname="tests.unit.test_valuation.TestBeta" name="test_beta_non_overlapping_dates" time="0.003" /><testcase classname="tests.unit.test_valuation.TestWACC" name="test_wacc_returns_float" time="0.251" /><testcase classname="tests.unit.test_valuation.TestWACC" name="test_wacc_reasonable_range" time="0.600" /><testcase classname="tests.unit.test_valuation.TestWACC" name="test_wacc_increases_with_beta" time="0.238" /><testcase classname="tests.unit.test_valuation.TestWACC" name="test_wacc_higher_rf_raises_wacc" time="0.249" /><testcase classname="tests.unit.test_valuation.TestDCF" name="test_dcf_returns_value_or_none" time="0.236" /><testcase classname="tests.unit.test_valuation.TestDCF" name="test_dcf_wacc_le_terminal_growth_returns_none" time="0.124" /><testcase classname="tests.unit.test_valuation.TestFactorModels" name="test_fama_french_returns_float" time="0.007" /><testcase classname="tests.unit.test_valuation.TestFactorModels" name="test_fama_french_positive_expected_return" time="0.007" /><testcase classname="tests.unit.test_valuation.TestFactorModels" name="test_apt_returns_float" time="0.010" /></testsuite></testsuites>